255
19
17
10
14
8
12
9
7
20
11
7
18
9
5
13
19
9
19
19
10
6
11
20
15
1
14
10
16
2
12
19
11
19
9
22
13
12
3
0
5
22
6
13
2
20
19
6
12
5
17
4
4
8
2
20
10
12
12
21
17
7
13
3
17
18
2
8
14
18
12
11
19
12
11
18
0
19
15
2
8
2
12
14
9
8
20
16
11
17
3
10
0
0
18
3
18
0
9
22
22
2
10
7
14
18
12
8
17
7
16
6
6
9
11
11
22
9
0
22
8
17
6
8
7
5
2
20
10
21
19
2
19
3
8
13
5
15
4
2
1
15
15
3
17
0
16
14
21
14
10
6
15
14
2
4
2
17
21
1
12
13
15
1
4
10
9
11
12
1
2
12
4
2
14
6
9
18
11
18
19
1
4
2
17
11
12
8
12
13
6
4
14
9
10
10
17
4
14
16
21
22
17
4
9
11
20
3
8
20
3
12
9
21
1
3
17
0
10
18
2
19
6
11
11
0
4
11
11
22
2
18
7
0
3
18
14
11
4
22
15
19
12
3
21
8
0
6
15
18
20
17
22
15
12
21
E
s
eV
Xn
B0
p0
n9
em
jb
KA
1C
ir
vZ
lY
UB
bA
5v
gd
Es
QT
L1
df
Yu
9M
iD
4A
Mf
j4
Qk
An
0j
lB
SK
Fz
hT
c1
Ko
IJ
M8
z1
9d
zH
Up
zv
g6
3Q
bX
OF
68
RD
4X
S4
GS
ss
jK
ft
Hq
cv
Ia
oW
7m
1Z
xQ
tL
Nm
cH
DU
VI
P6
Sy
rl
Gj
0S
4o
2J
ki
WP
1q
JQ
jy
bo
Wg
8t
Rr
Y0
2x
6O
3h
vq
ZN
CN
LH
XW
w3
V2
tc
YG
Z7
Ce
UY
BG
lp
m2
wx
HZ
d8
7V
vC
Vw
yX
PM
Ti
qe
mI
dO
q7
yA
KX
96
Ze
Ot
Lv
qN
on
rU
yo
8F
aQ
5H
kR
gM
tz
51
fF
NV
wa
6f
C7
Fc
nP
Pd
wJ
Dl
I3
TR
ah
Ix
hk
F5
23
AW
uS
pG
mw
xh
uj
sE
FL
pu
Jh
ng
EE
Sb
t5
2a
Bu
MO
W9
HC
Ord
F6A
pb5
w9r
WWW
Li4
X6m
i21
iPC
V1I
W3F
EjR
obG
OJz
0TA
ZeE
wsY
un5
vX6
lNZ
oFr
slJ
ElJ
Ndi
h0b
8wg
IMP
mtQ
LrU
imB
LwA
92U
2Ye
lQN
mJX
NgF
UMu
Giw
6mn
Hja
KjY
bur
dj5
0NB
pjZ
PUS
41W
cyP
cAa
pcv
kKa
fm3
blh
MPX
YiG
wgr
lHD
oJ4
QMa
uLa
IRj
Bvo
xQE
sQq
0Uk
SnC
2hW
7BP
jpi
ycG
Yg8
qPT
ARY
AgJ
OqQ
wLk
HET
BdD
pRG
TNl
oAo
oQF
O0X
Jf6
BLH
wII
fXY
hVk
RJD
evf
GVg
s8b
MjL
QlA
h1G
o6m
wf1
8gK
HDA
Ben
Usg
6dM
95w
mrY
rxZ
3PI
YBY
SdT
40D
zcL
C0a
4J8
gR1
akP
UNC
DAg
8U7
5rU
tJM
iB6
WZ4
jYR
gfk
Ba9
P4d
wWm
N8a
JtC
Z2B
iM8
A2f
FD7
Qc7
9zI
Fzs
Eto
0hd
ymd
fle
VlC
iCw
yzu
TCj
Yli
bJ8
hH0
GK7
clm
5er
9vp
pUR
Fg5
bnw
Bus
Fhv
qA4
5bP
jMT
6N2
Oxz
p4z
VRO
lOm
gpC
f3c
zRb
VtQ
ejh
9pC
8HT
CyQ
Wq4
TRs
7ee
4OR
4yK
oSl
H8Z
0sO
3Uc
o9x
mxA
V7v
0tK
WBO
OE2
xGV
IzT
8h0
Rbn
Fsx
D7x
Sfc
N4C
wNc
GJR
HSJ
FUf
9Sr
vTt
dq0
pR0
sfb
I16
RPq
hoL
U8V
aMl
6sm
yVd
uWL
Cn8
ep9
JXn
iAh
7tn
VNv
HhR
fP4
irs
w5k
OJ5
sJH
UXw
gz2
0Ph
qQg
V3A
hwC
i68
4FH
yfR
XzC
JJa
tP5
Xbu
SzX
XLq
eBg
ow8
P46
Dex
pOj
8bH
LhO
CPk
uGu
0VP
p1o
Nfa
Yjq
M1a
VZt
gnK
VM5
qhP
5gj
exG
hSw
MAO
j0U
RAh
RHc
Yen
EU3
3DK
0YD
Uqo
E2L
IT4
tJd
jD3
uTX
UJS
386
lNC
tVy
rSd
k6B
GQM
WRk
je9
Hjx
isX
4E5
OKv
SxI
f41
3lc
DfF
n1e
jjj
ZNs
17G
FSW
BzH
k5F
9L2
4fR
P7o
fPy
pbz
KkU
f8O
B3g
nl1
IiS
LAa
FUO
2Uu
snB
o34
Ew5
vxn
8QG
l4O
KE5
kfQ
u3i
FOP
vmU
lmQ
RH5
d8s
Bli
BFI
jnZ
aOM
h2C
Pn4
tSn
sKD
3MU
D1K
B5v
Cjv
yjp
uai
eDv
hbi
Hj3
R5j
Sk8
UkY
ld0
Cfo
KQJ
7Td
2CJ
3sG
Iec
F6o
FZR
DDr
tpm
0ye
1yS
Rmp
vZs
thv
2oR
qes
oeR
IpN
Hhi
BvX
iqw
Ow9
3vi
IB7
Txe
LIA
Nqz
dmW
3mH
2k4
fJ5
zn7
2e5
u4N
h6x
c2A
ryV
lZo
GtK
4BA
pOS
Uy8
PIl
FOg
toC
X2f
feS
EnB
bZk
oHS
Mew
KDP
cjG
DVo
5UV
Rfu
1i7
v9V
Ksc
cRK
MpK
oLZ
Cbh
erv
EXU
9NX
zJk
ceD
yoE
Nxu
vUY
ziK
GZW
L5c
K6C
nqK
SKE
bSY
ngE
ONj
HmU
vc8
3ST
Krg
ywS
pjC
Rpd
5Cp
zS0
7CL
xAW
wVq
Sst
FvU
Evg
65h
L4g
gHY
lzy
lNq
07B
GlT
bFH
ldu
dMM
haV
4wS
GHZ
qBG
1My
tZR
dQT
Ccd
TBW
2EB
2gD
vqs
MHa
b4y
d07
IwI
D5i
T8h
7Yg
Mnj
Gye
eIK
Y6r
QwZ
Nil
S5X
ccz
J33
RTJ
px9
oGW
5ak
pt2
fJc
7yZ
eZc
aBS
LUV
v8q
YAF
5OW
GuG
heF
eok
5RK
FXC
O3z
qiz
I22
M1J
7TM
mB3
t4w
Und
MUD
O3L
B9f
Vvw
If1
Mmn
F0B
Dpc
5hf
ieK
7JG
HYw
7gF
hNt
sJv
TQ2
bQJ
wHd
0kA
LcL
lZX
RmY
nbB
2Tb
H7G
fVa
d4U
6A8
iso
ZCq
14S
Bfj
Q6x
Byz
TTk
Zkr
Ngt
CCZ
B6D
sFA
gjD
oay
HAM
gZV
Drr
QGy
sfy
pEM
jra
QoL
4Uh
bMZ
Tya
ZLM
fUe
lia
KYo
iNK
9P9
vi7
xHi
LQO
uvq
Gov
6Ur
lqX
HxW
mc9
zSu
2p7
DUE
iVB
v6y
8SV
ZcM
eMR
dpK
IN5
Wbp
nmD
KwS
Nee
fYU
EKD
R09
TqS
FlO
MgX
nUH
AoX
wdg
MhT
u00
1z8
pQy
Lzz
6WS
qd2
wVZ
9dE
TEy
YnJ
Fir
wkK
0Im
uaR
18C
iUF
Gca
9gg
93Q
www
L8W
4V6
1lY
Ikb
1PV
ahs
MMM
Ktv
nqy
5zL
jKs
bPN
ub7
ABT
hWg
68s
b5u
k2i
Jrb
SyE
dOs
kV5
eSh
JP2
4dq
low
56v
Kb4
8ts
M2F
tIQ
itk
UwW
DMN
KQx
C0J
2rF
kl9
A8e
YoF
iaD
fac
XE1
kAr
B7n
JjT
rjM
fOO
m5P
o7i
RSN
lYE
old
IY7
Kc0
E0k
6Rg
rnT
fwP
AK0
zBF
rKV
axJ
gou
97X
Xcq
yGD
hOB
8P4
woi
XBT
37h
WC4
Gza
rTw
jzA
sXU
dFR
mQS
5pt
I2I
BKz
r9Y
y4K
Id9
fE2
3g2
ndh
UbO
hKR
mbk
AZ9
D08
Bwk
EMS
cju
C56
EqM
CdI
oMm
mIs
91B
T1m
HRe
rvK
yJf
EyD
sHP
Ex1
RwH
rwu
Jhs
OIP
4y4
qUn
fsI
YSq
Axb
xTg
g7A
24X
VIE
u7p
MxY
xV1
ksb
xDb
J9w
nlH
JeQ
OMn
7wy
8V3
RY6
oLC
Ax4
J3x
GL3
6lr
Wmr
2bA
7p9
Uc4
6wF
Htg
YrQ
eLm
tCR
cYt
NxG
lTB
BEM
Pmf
kOQ
1uL
9US
2gr
6JY
3Vv
uSs
LND
mkG
T7U
JwN
phb
8OO
1sk
9kW
D8F
xEG
hFO
rMN
Bs6
o0W
PhL
swc
LYF
USF
aeQ
IhW
7Ju
kQI
Ut5
ZTr
ssE
COA
vGz
cEQ
ea0
TVL
ZF7
osv
tyI
uzx
UpE
ziy
lzK
NdR
nAS
kU9
nQo
fej
LVR
zrU
Z8o
qOA
qOo
51E
5jG
E4r
wyA
yxO
ojl
11H
