254
123382
125163
169334
43548
330099
284747
224547
120208
561355
432231
593387
471833
247650
350553
382008
544462
573207
470284
330484
440022
313702
331463
149511
211726
47326
299023
132183
95990
106147
216054
32299
280070
518553
511033
119850
101639
91015
377441
340750
130486
253546
407212
402516
149712
204023
507728
186061
408056
101662
270881
377329
391093
363864
469890
597406
256962
259353
143230
306914
511700
377119
506372
17364
244772
74277
483315
209956
460438
557305
460515
114124
572300
460348
576659
270700
502708
171336
499844
501253
255120
120304
98084
464492
387207
241180
22888
97355
259140
145871
278957
362304
44209
3348
47288
422679
280397
244701
492416
466861
445563
203234
225293
76328
364428
432743
69717
393690
104996
585173
370350
440859
257501
139372
120333
71208
560647
459745
240354
136087
108302
401190
478521
474589
488687
138621
117858
160297
591437
397946
481989
419055
427152
124313
398240
366171
4757
359924
25436
167213
202778
123966
544623
260027
532419
475527
192523
496023
488334
544950
120913
336985
154465
27884
367605
313045
34089
256726
359103
91373
527158
138048
298781
490255
473011
59914
121299
138933
497130
151379
320667
574612
75423
568254
289435
43200
242112
497012
213019
556207
313090
343089
290658
344150
211323
468820
432054
136818
582702
301378
546201
174487
408929
186565
244328
267600
394740
269433
91261
582581
426538
182644
208471
146878
26229
140072
511378
105764
202387
204925
301658
547810
282995
445825
71896
93689
434909
450526
391659
9548
282840
212083
226331
212029
165293
521276
97080
41640
449432
444576
417380
121826
521200
361468
229693
319729
360926
302092
21229
200036
102968
98846
589661
579676
208704
111371
98641
330372
183012
142258
39173
393496
548001
357457
156087
kXsc
BtQJ
flTB
rVAr
kwWi
1DBb
Zdf5
ZFeX
6mFf
B7lg
Hi
Hi
