.
..
...
....
.....
......
.......
........
.........
..........
...........
............
.............
..............
...............
................
.................
..................
...................
....................
.....................
......................
.......................
........................
.........................
..........................
...........................
............................
.............................
..............................
...............................
................................
.................................
..................................
...................................
....................................
.....................................
......................................
.......................................
........................................
.........................................
..........................................
...........................................
............................................
.............................................
..............................................
...............................................
................................................
.................................................
..................................................
...................................................
....................................................
.....................................................
......................................................
.......................................................
........................................................
.........................................................
..........................................................
...........................................................
............................................................
.............................................................
..............................................................
...............................................................
................................................................
.................................................................
..................................................................
...................................................................
....................................................................
.....................................................................
......................................................................
.......................................................................
........................................................................
.........................................................................
..........................................................................
...........................................................................
............................................................................
.............................................................................
..............................................................................
...............................................................................
................................................................................
.................................................................................
..................................................................................
...................................................................................
....................................................................................
.....................................................................................
......................................................................................
.......................................................................................
........................................................................................
.........................................................................................
..........................................................................................
...........................................................................................
............................................................................................
.............................................................................................
..............................................................................................
...............................................................................................
................................................................................................
.................................................................................................
..................................................................................................
...................................................................................................
....................................................................................................
.....................................................................................................
......................................................................................................
.......................................................................................................
........................................................................................................
.........................................................................................................
..........................................................................................................
...........................................................................................................
............................................................................................................
.............................................................................................................
..............................................................................................................
...............................................................................................................
................................................................................................................
.................................................................................................................
..................................................................................................................
...................................................................................................................
....................................................................................................................
.....................................................................................................................
......................................................................................................................
.......................................................................................................................
........................................................................................................................
.........................................................................................................................
..........................................................................................................................
...........................................................................................................................
............................................................................................................................
.............................................................................................................................
..............................................................................................................................
...............................................................................................................................
................................................................................................................................
.................................................................................................................................
..................................................................................................................................
...................................................................................................................................
....................................................................................................................................
.....................................................................................................................................
......................................................................................................................................
.......................................................................................................................................
........................................................................................................................................
.........................................................................................................................................
..........................................................................................................................................
...........................................................................................................................................
............................................................................................................................................
.............................................................................................................................................
..............................................................................................................................................
...............................................................................................................................................
................................................................................................................................................
.................................................................................................................................................
..................................................................................................................................................
...................................................................................................................................................
....................................................................................................................................................
.....................................................................................................................................................
......................................................................................................................................................
.......................................................................................................................................................
........................................................................................................................................................
.........................................................................................................................................................
..........................................................................................................................................................
...........................................................................................................................................................
............................................................................................................................................................
.............................................................................................................................................................
..............................................................................................................................................................
...............................................................................................................................................................
................................................................................................................................................................
.................................................................................................................................................................
..................................................................................................................................................................
...................................................................................................................................................................
....................................................................................................................................................................
.....................................................................................................................................................................
......................................................................................................................................................................
.......................................................................................................................................................................
........................................................................................................................................................................
.........................................................................................................................................................................
..........................................................................................................................................................................
...........................................................................................................................................................................
............................................................................................................................................................................
.............................................................................................................................................................................
..............................................................................................................................................................................
...............................................................................................................................................................................
................................................................................................................................................................................
.................................................................................................................................................................................
..................................................................................................................................................................................
...................................................................................................................................................................................
....................................................................................................................................................................................
.....................................................................................................................................................................................
......................................................................................................................................................................................
.......................................................................................................................................................................................
........................................................................................................................................................................................
.........................................................................................................................................................................................
..........................................................................................................................................................................................
...........................................................................................................................................................................................
............................................................................................................................................................................................
.............................................................................................................................................................................................
..............................................................................................................................................................................................
...............................................................................................................................................................................................
................................................................................................................................................................................................
.................................................................................................................................................................................................
..................................................................................................................................................................................................
...................................................................................................................................................................................................
....................................................................................................................................................................................................
.....................................................................................................................................................................................................
......................................................................................................................................................................................................
.......................................................................................................................................................................................................
........................................................................................................................................................................................................
.........................................................................................................................................................................................................
..........................................................................................................................................................................................................
...........................................................................................................................................................................................................
............................................................................................................................................................................................................
.............................................................................................................................................................................................................
..............................................................................................................................................................................................................
...............................................................................................................................................................................................................
................................................................................................................................................................................................................
.................................................................................................................................................................................................................
..................................................................................................................................................................................................................
...................................................................................................................................................................................................................
....................................................................................................................................................................................................................
.....................................................................................................................................................................................................................
......................................................................................................................................................................................................................
.......................................................................................................................................................................................................................
........................................................................................................................................................................................................................
.........................................................................................................................................................................................................................
..........................................................................................................................................................................................................................
...........................................................................................................................................................................................................................
............................................................................................................................................................................................................................
.............................................................................................................................................................................................................................
..............................................................................................................................................................................................................................
...............................................................................................................................................................................................................................
................................................................................................................................................................................................................................
.................................................................................................................................................................................................................................
..................................................................................................................................................................................................................................
...................................................................................................................................................................................................................................
....................................................................................................................................................................................................................................
.....................................................................................................................................................................................................................................
......................................................................................................................................................................................................................................
.......................................................................................................................................................................................................................................
........................................................................................................................................................................................................................................
.........................................................................................................................................................................................................................................
..........................................................................................................................................................................................................................................
...........................................................................................................................................................................................................................................
............................................................................................................................................................................................................................................
.............................................................................................................................................................................................................................................
..............................................................................................................................................................................................................................................
...............................................................................................................................................................................................................................................
................................................................................................................................................................................................................................................
.................................................................................................................................................................................................................................................
..................................................................................................................................................................................................................................................
...................................................................................................................................................................................................................................................
....................................................................................................................................................................................................................................................
.....................................................................................................................................................................................................................................................
......................................................................................................................................................................................................................................................
.......................................................................................................................................................................................................................................................
........................................................................................................................................................................................................................................................
.........................................................................................................................................................................................................................................................
..........................................................................................................................................................................................................................................................
...........................................................................................................................................................................................................................................................
............................................................................................................................................................................................................................................................
.............................................................................................................................................................................................................................................................
..............................................................................................................................................................................................................................................................
...............................................................................................................................................................................................................................................................
Cannot generate more strings !! Sorry !!